<?xml version="1.0" encoding="UTF-8"?>
<!-- Generated by org.testng.reporters.JUnitReportReporter -->
<testsuite hostname="DESKTOP-4UA967F" name="contact.Mi" tests="1" failures="0" timestamp="10 Dec 2021 09:45:33 GMT" time="0.156" errors="0">
  <testcase name="mi" time="0.156" classname="contact.Mi"/>
</testsuite> <!-- contact.Mi -->
