<?xml version="1.0" encoding="UTF-8"?>
<!-- Generated by org.testng.reporters.JUnitReportReporter -->
<testsuite hostname="DESKTOP-4UA967F" name="contact.GoogleTest" tests="1" failures="0" timestamp="10 Dec 2021 10:17:47 GMT" time="0.047" errors="0">
  <testcase name="google" time="0.047" classname="contact.GoogleTest"/>
</testsuite> <!-- contact.GoogleTest -->
