<?xml version="1.0" encoding="UTF-8"?>
<!-- Generated by org.testng.reporters.JUnitReportReporter -->
<testsuite hostname="DESKTOP-4UA967F" name="contact.MiTest" tests="1" failures="0" timestamp="10 Dec 2021 10:19:22 GMT" time="0.047" errors="0">
  <testcase name="mi" time="0.047" classname="contact.MiTest"/>
</testsuite> <!-- contact.MiTest -->
